<?xml version="1.0" encoding="UTF-8"?>
<!-- Generated by org.testng.reporters.JUnitReportReporter -->
<testsuite hostname="PF2C5DSK" failures="0" tests="3" name="com.DWEBPages.Sanity.tests.AddressTest" time="279.800" errors="0" timestamp="2023-08-28T12:50:06 IST" skipped="0">
  <testcase classname="com.DWEBPages.Sanity.tests.AddressTest" name="validatingProductServiceabilityInAddressPage" time="53.409"/>
  <system-out/>
  <testcase classname="com.DWEBPages.Sanity.tests.AddressTest" name="validateAddressForSameShippingBillingAddress" time="98.267"/>
  <system-out/>
  <testcase classname="com.DWEBPages.Sanity.tests.AddressTest" name="validateAddressForDifferentShippingBillingAddress" time="128.124"/>
  <system-out/>
</testsuite> <!-- com.DWEBPages.Sanity.tests.AddressTest -->
