<?xml version="1.0" encoding="UTF-8"?>
<!-- Generated by org.testng.reporters.JUnitReportReporter -->
<testsuite hostname="PF2C5DSK" failures="0" tests="16" name="com.DWEBPages.Sanity.tests.ProductDetailTest" time="166.217" errors="0" timestamp="2023-08-28T10:41:01 IST" skipped="1">
  <testcase classname="com.DWEBPages.Sanity.tests.ProductDetailTest" name="validatingProductSpecificationsTest" time="18.820"/>
  <system-out/>
  <testcase classname="com.DWEBPages.Sanity.tests.ProductDetailTest" name="validatingProductServiceabilityInProductDetailPage" time="14.207"/>
  <system-out/>
  <testcase classname="com.DWEBPages.Sanity.tests.ProductDetailTest" name="validatingProductMandatoryDetailsTest" time="4.170"/>
  <system-out/>
  <testcase classname="com.DWEBPages.Sanity.tests.ProductDetailTest" name="validatingEmiWarrantyCancellationPolicyTest" time="1.547"/>
  <system-out/>
  <testcase classname="com.DWEBPages.Sanity.tests.ProductDetailTest" name="validatingVisibilityOfGumstackBanner" time="5.939"/>
  <system-out/>
  <testcase classname="com.DWEBPages.Sanity.tests.ProductDetailTest" name="validateFeaturesPropertiesCareInstructionsWarrantyReturnsAndQualityPromise" time="20.526"/>
  <system-out/>
  <testcase classname="com.DWEBPages.Sanity.tests.ProductDetailTest" name="validatingProductPropertyAndValue" time="7.538"/>
  <system-out/>
  <testcase classname="com.DWEBPages.Sanity.tests.ProductDetailTest" name="validatingOffersPDP" time="7.719"/>
  <system-out/>
  <testcase classname="com.DWEBPages.Sanity.tests.ProductDetailTest" name="validateSofaCarousalSlidder" time="39.200"/>
  <system-out/>
  <testcase classname="com.DWEBPages.Sanity.tests.ProductDetailTest" name="validateProductDimensionCarousalSlidder" time="9.197"/>
  <system-out/>
  <testcase classname="com.DWEBPages.Sanity.tests.ProductDetailTest" name="validatingPDPofNormalSofas" time="6.645"/>
  <system-out/>
  <testcase classname="com.DWEBPages.Sanity.tests.ProductDetailTest" name="validatingPDPofConfigSofas" time="8.787"/>
  <system-out/>
  <testcase classname="com.DWEBPages.Sanity.tests.ProductDetailTest" name="validatingPDPofNormalProduct" time="5.810"/>
  <system-out/>
  <testcase classname="com.DWEBPages.Sanity.tests.ProductDetailTest" name="validatingPDPofMattress" time="7.680"/>
  <system-out/>
  <testcase classname="com.DWEBPages.Sanity.tests.ProductDetailTest" name="validatingVariantChangeConfigSofas" time="8.432"/>
  <system-out/>
  <testcase classname="com.DWEBPages.Sanity.tests.ProductDetailTest" name="validatingSimilarProductsSectionTest">
    <skipped/>
  </testcase> <!-- validatingSimilarProductsSectionTest -->
  <system-out/>
</testsuite> <!-- com.DWEBPages.Sanity.tests.ProductDetailTest -->
