<?xml version="1.0" encoding="UTF-8"?>
<!-- Generated by org.testng.reporters.JUnitReportReporter -->
<testsuite hostname="PF2C5DSK" failures="0" tests="26" name="com.DWEBPages.Sanity.tests.LocationsTest" time="360.288" errors="0" timestamp="2023-08-28T10:41:01 IST" skipped="2">
  <testcase classname="com.DWEBPages.Sanity.tests.LocationsTest" name="validatingStatesFirstDeliveryPlaceURLForAndamanAndNicobarIslands" time="69.620"/>
  <system-out/>
  <testcase classname="com.DWEBPages.Sanity.tests.LocationsTest" name="validatingStatesFirstDeliveryPlaceURLForAndhraPradesh" time="12.353"/>
  <system-out/>
  <testcase classname="com.DWEBPages.Sanity.tests.LocationsTest" name="validatingStatesFirstDeliveryPlaceURLForBihar" time="13.494"/>
  <system-out/>
  <testcase classname="com.DWEBPages.Sanity.tests.LocationsTest" name="validatingStatesFirstDeliveryPlaceURLForChandigarh" time="13.663"/>
  <system-out/>
  <testcase classname="com.DWEBPages.Sanity.tests.LocationsTest" name="validatingStatesFirstDeliveryPlaceURLForChhattisgarh" time="12.545"/>
  <system-out/>
  <testcase classname="com.DWEBPages.Sanity.tests.LocationsTest" name="validatingStatesFirstDeliveryPlaceURLForDamanAndDiu" time="13.398"/>
  <system-out/>
  <testcase classname="com.DWEBPages.Sanity.tests.LocationsTest" name="validatingStatesFirstDeliveryPlaceURLForDelhi" time="12.259"/>
  <system-out/>
  <testcase classname="com.DWEBPages.Sanity.tests.LocationsTest" name="validatingStatesFirstDeliveryPlaceURLForGoa" time="12.241"/>
  <system-out/>
  <testcase classname="com.DWEBPages.Sanity.tests.LocationsTest" name="validatingStatesFirstDeliveryPlaceURLForGujarat" time="12.987"/>
  <system-out/>
  <testcase classname="com.DWEBPages.Sanity.tests.LocationsTest" name="validatingStatesFirstDeliveryPlaceURLForHaryana" time="11.731"/>
  <system-out/>
  <testcase classname="com.DWEBPages.Sanity.tests.LocationsTest" name="validatingStatesFirstDeliveryPlaceURLForHimachalPradesh" time="13.198"/>
  <system-out/>
  <testcase classname="com.DWEBPages.Sanity.tests.LocationsTest" name="validatingStatesFirstDeliveryPlaceURLForKarnataka" time="14.414"/>
  <system-out/>
  <testcase classname="com.DWEBPages.Sanity.tests.LocationsTest" name="validatingStatesFirstDeliveryPlaceURLForKerala" time="10.573"/>
  <system-out/>
  <testcase classname="com.DWEBPages.Sanity.tests.LocationsTest" name="validatingStatesFirstDeliveryPlaceURLForMadhyaPradesh" time="12.234"/>
  <system-out/>
  <testcase classname="com.DWEBPages.Sanity.tests.LocationsTest" name="validatingStatesFirstDeliveryPlaceURLForMaharashtra" time="13.007"/>
  <system-out/>
  <testcase classname="com.DWEBPages.Sanity.tests.LocationsTest" name="validatingStatesFirstDeliveryPlaceURLForOrissa" time="12.503"/>
  <system-out/>
  <testcase classname="com.DWEBPages.Sanity.tests.LocationsTest" name="validatingStatesFirstDeliveryPlaceURLForPondicherry" time="11.706"/>
  <system-out/>
  <testcase classname="com.DWEBPages.Sanity.tests.LocationsTest" name="validatingStatesFirstDeliveryPlaceURLForPunjab" time="12.176"/>
  <system-out/>
  <testcase classname="com.DWEBPages.Sanity.tests.LocationsTest" name="validatingStatesFirstDeliveryPlaceURLForRajasthan" time="13.743"/>
  <system-out/>
  <testcase classname="com.DWEBPages.Sanity.tests.LocationsTest" name="validatingStatesFirstDeliveryPlaceURLForTamilNadu" time="11.050"/>
  <system-out/>
  <testcase classname="com.DWEBPages.Sanity.tests.LocationsTest" name="validatingStatesFirstDeliveryPlaceURLForTelangana" time="14.846"/>
  <system-out/>
  <testcase classname="com.DWEBPages.Sanity.tests.LocationsTest" name="validatingStatesFirstDeliveryPlaceURLForUttarPradesh" time="11.690"/>
  <system-out/>
  <testcase classname="com.DWEBPages.Sanity.tests.LocationsTest" name="validatingStatesFirstDeliveryPlaceURLForUttarakhand" time="13.109"/>
  <system-out/>
  <testcase classname="com.DWEBPages.Sanity.tests.LocationsTest" name="validatingStatesFirstDeliveryPlaceURLForWestBengal" time="11.748"/>
  <system-out/>
  <testcase classname="com.DWEBPages.Sanity.tests.LocationsTest" name="validatingStatesFirstDeliveryPlaceURLForJharkhand">
    <skipped/>
  </testcase> <!-- validatingStatesFirstDeliveryPlaceURLForJharkhand -->
  <system-out/>
  <testcase classname="com.DWEBPages.Sanity.tests.LocationsTest" name="validatingStatesFirstDeliveryPlaceURLForAssam">
    <skipped/>
  </testcase> <!-- validatingStatesFirstDeliveryPlaceURLForAssam -->
  <system-out/>
</testsuite> <!-- com.DWEBPages.Sanity.tests.LocationsTest -->
