<?xml version="1.0" encoding="UTF-8"?>
<!-- Generated by org.testng.reporters.JUnitReportReporter -->
<testsuite hostname="PF2C5DSK" failures="0" tests="1" name="com.DWEBPages.Sanity.tests.PaymentTest" time="116.587" errors="0" timestamp="2023-08-28T12:50:06 IST" skipped="0">
  <testcase classname="com.DWEBPages.Sanity.tests.PaymentTest" name="validateWalletPaymentMethod" time="116.587"/>
  <system-out/>
</testsuite> <!-- com.DWEBPages.Sanity.tests.PaymentTest -->
