<?xml version="1.0" encoding="UTF-8"?>
<!-- Generated by org.testng.reporters.JUnitReportReporter -->
<testsuite hostname="Pwrs-MacBook-Pro.local" failures="0" tests="1" name="com.DWEBPages.Sanity.tests.HomeTest" time="3.431" errors="0" timestamp="2023-12-13T00:56:07 IST" skipped="0">
  <testcase classname="com.DWEBPages.Sanity.tests.HomeTest" name="validatingHomPage" time="3.431"/>
  <system-out/>
</testsuite> <!-- com.DWEBPages.Sanity.tests.HomeTest -->
