<?xml version="1.0" encoding="UTF-8"?>
<!-- Generated by org.testng.reporters.JUnitReportReporter -->
<testsuite hostname="PF2C5DSK" failures="0" tests="1" name="com.DWEBPages.Sanity.tests.SignupTest" time="52.244" errors="0" timestamp="2023-08-28T10:41:01 IST" skipped="0">
  <testcase classname="com.DWEBPages.Sanity.tests.SignupTest" name="signUpTest" time="52.244"/>
  <system-out/>
</testsuite> <!-- com.DWEBPages.Sanity.tests.SignupTest -->
