<?xml version="1.0" encoding="UTF-8"?>
<!-- Generated by org.testng.reporters.JUnitReportReporter -->
<testsuite hostname="PF2C5DSK" failures="0" tests="8" name="com.DWEBPages.Sanity.tests.ProductListingTest" time="179.094" errors="0" timestamp="2023-08-28T10:41:01 IST" skipped="0">
  <testcase classname="com.DWEBPages.Sanity.tests.ProductListingTest" name="validatingSortingOfListHighToLow" time="28.372"/>
  <system-out/>
  <testcase classname="com.DWEBPages.Sanity.tests.ProductListingTest" name="validatingSortingOfListLowToHigh" time="12.483"/>
  <system-out/>
  <testcase classname="com.DWEBPages.Sanity.tests.ProductListingTest" name="validatingFilteringOfList" time="12.127"/>
  <system-out/>
  <testcase classname="com.DWEBPages.Sanity.tests.ProductListingTest" name="validatingProductCount" time="19.461"/>
  <system-out/>
  <testcase classname="com.DWEBPages.Sanity.tests.ProductListingTest" name="validatingNavigationToProductPageViaGlobalSearch" time="19.035"/>
  <system-out/>
  <testcase classname="com.DWEBPages.Sanity.tests.ProductListingTest" name="validatingPriceOfProductWithStrikeOffInCaseOfDiscountTest" time="54.089"/>
  <system-out/>
  <testcase classname="com.DWEBPages.Sanity.tests.ProductListingTest" name="validatingInStockOutOfStockInventoryCheckTest" time="21.660"/>
  <system-out/>
  <testcase classname="com.DWEBPages.Sanity.tests.ProductListingTest" name="validateProductNamePriceAndBrandName" time="11.867"/>
  <system-out/>
</testsuite> <!-- com.DWEBPages.Sanity.tests.ProductListingTest -->
