<?xml version="1.0" encoding="UTF-8"?>
<!-- Generated by org.testng.reporters.JUnitReportReporter -->
<testsuite hostname="PF2C5DSK" failures="0" tests="2" name="com.DWEBPages.Sanity.tests.CheckoutTest" time="91.931" errors="0" timestamp="2023-08-28T10:41:01 IST" skipped="0">
  <testcase classname="com.DWEBPages.Sanity.tests.CheckoutTest" name="ValidatingCartAndCheckoutPagePrice" time="80.278"/>
  <system-out/>
  <testcase classname="com.DWEBPages.Sanity.tests.CheckoutTest" name="ValidateSelectpaymentmethodandRedeemGiftcard" time="11.653"/>
  <system-out/>
</testsuite> <!-- com.DWEBPages.Sanity.tests.CheckoutTest -->
