<?xml version="1.0" encoding="UTF-8"?>
<!-- Generated by org.testng.reporters.JUnitReportReporter -->
<testsuite hostname="PF2C5DSK" failures="0" tests="15" name="com.DWEBPages.Sanity.tests.ModularLandingPagesTest" time="275.513" errors="0" timestamp="2023-08-28T10:41:01 IST" skipped="5">
  <testcase classname="com.DWEBPages.Sanity.tests.ModularLandingPagesTest" name="modularInteriorLeadForm" time="51.270"/>
  <system-out/>
  <testcase classname="com.DWEBPages.Sanity.tests.ModularLandingPagesTest" name="continueToWebsiteModularInteriorLeadForm" time="9.522"/>
  <system-out/>
  <testcase classname="com.DWEBPages.Sanity.tests.ModularLandingPagesTest" name="modularKitchenTopLeadForm" time="48.799"/>
  <system-out/>
  <testcase classname="com.DWEBPages.Sanity.tests.ModularLandingPagesTest" name="continueToWebsiteModularKitchenTopLeadForm" time="7.582"/>
  <system-out/>
  <testcase classname="com.DWEBPages.Sanity.tests.ModularLandingPagesTest" name="modularWardrobeTopLeadForm" time="46.370"/>
  <system-out/>
  <testcase classname="com.DWEBPages.Sanity.tests.ModularLandingPagesTest" name="continueToWebsiteModularWardrobeTopLeadForm" time="7.053"/>
  <system-out/>
  <testcase classname="com.DWEBPages.Sanity.tests.ModularLandingPagesTest" name="modularKitchenBottomLeadForm" time="47.498"/>
  <system-out/>
  <testcase classname="com.DWEBPages.Sanity.tests.ModularLandingPagesTest" name="continueToWebsiteModularKitchenBottomLeadForm" time="5.471"/>
  <system-out/>
  <testcase classname="com.DWEBPages.Sanity.tests.ModularLandingPagesTest" name="modularWardrobeBottomLeadForm" time="45.461"/>
  <system-out/>
  <testcase classname="com.DWEBPages.Sanity.tests.ModularLandingPagesTest" name="continueToWebsiteModularWardrobeBottomLeadForm" time="6.487"/>
  <system-out/>
  <testcase classname="com.DWEBPages.Sanity.tests.ModularLandingPagesTest" name="modularWardrobeTopLeadFormQuestionnaire">
    <skipped/>
  </testcase> <!-- modularWardrobeTopLeadFormQuestionnaire -->
  <system-out/>
  <testcase classname="com.DWEBPages.Sanity.tests.ModularLandingPagesTest" name="modularWardrobeBottomLeadFormQuestionnaire">
    <skipped/>
  </testcase> <!-- modularWardrobeBottomLeadFormQuestionnaire -->
  <system-out/>
  <testcase classname="com.DWEBPages.Sanity.tests.ModularLandingPagesTest" name="modularKitchenTopLeadFormQuestionnaire">
    <skipped/>
  </testcase> <!-- modularKitchenTopLeadFormQuestionnaire -->
  <system-out/>
  <testcase classname="com.DWEBPages.Sanity.tests.ModularLandingPagesTest" name="modularKitchenBottomLeadFormQuestionnaire">
    <skipped/>
  </testcase> <!-- modularKitchenBottomLeadFormQuestionnaire -->
  <system-out/>
  <testcase classname="com.DWEBPages.Sanity.tests.ModularLandingPagesTest" name="modularInteriorLeadFormQuestionnaire">
    <skipped/>
  </testcase> <!-- modularInteriorLeadFormQuestionnaire -->
  <system-out/>
</testsuite> <!-- com.DWEBPages.Sanity.tests.ModularLandingPagesTest -->
