<?xml version="1.0" encoding="UTF-8"?>
<!-- Generated by org.testng.reporters.JUnitReportReporter -->
<testsuite hostname="PF2C5DSK" failures="0" tests="3" name="com.DWEBPages.Sanity.tests.HelpTest" time="57.006" errors="0" timestamp="2023-08-28T10:41:01 IST" skipped="0">
  <testcase classname="com.DWEBPages.Sanity.tests.HelpTest" name="navigateToHelp" time="11.794"/>
  <system-out/>
  <testcase classname="com.DWEBPages.Sanity.tests.HelpTest" name="validatingHelpPagesClickActions" time="28.136"/>
  <system-out/>
  <testcase classname="com.DWEBPages.Sanity.tests.HelpTest" name="searchOnHelpPage" time="17.076"/>
  <system-out/>
</testsuite> <!-- com.DWEBPages.Sanity.tests.HelpTest -->
